<?xml version="1.0" encoding="UTF-8"?>
<testng-results ignored="0" total="1" passed="1" failed="0" skipped="0">
  <reporter-output>
  </reporter-output>
  <suite started-at="2021-09-23T09:58:07 IST" name="Default suite" finished-at="2021-09-23T09:58:18 IST" duration-ms="10958">
    <groups>
      <group name="cucumber">
        <method signature="AbstractTestNGCucumberTests.runScenario(io.cucumber.testng.PickleWrapper,io.cucumber.testng.FeatureWrapper)[pri:0, instance:com.qa.TestRunner@57d7f8ca]" name="runScenario" class="io.cucumber.testng.AbstractTestNGCucumberTests"/>
      </group> <!-- cucumber -->
    </groups>
    <test started-at="2021-09-23T09:58:07 IST" name="Default test" finished-at="2021-09-23T09:58:18 IST" duration-ms="10958">
      <class name="com.qa.TestRunner">
        <test-method is-config="true" signature="setUpClass()[pri:0, instance:com.qa.TestRunner@57d7f8ca]" started-at="2021-09-23T09:58:08 IST" name="setUpClass" finished-at="2021-09-23T09:58:08 IST" duration-ms="661" status="PASS">
          <reporter-output>
          </reporter-output>
        </test-method> <!-- setUpClass -->
        <test-method signature="runScenario(io.cucumber.testng.PickleWrapper,io.cucumber.testng.FeatureWrapper)[pri:0, instance:com.qa.TestRunner@57d7f8ca]" started-at="2021-09-23T09:58:08 IST" name="runScenario" description="Runs Cucumber Scenarios" data-provider="scenarios" finished-at="2021-09-23T09:58:15 IST" duration-ms="6754" status="PASS">
          <params>
            <param index="0">
              <value>
                <![CDATA["User is able to login into application"]]>
              </value>
            </param>
            <param index="1">
              <value>
                <![CDATA["Optional[Login]"]]>
              </value>
            </param>
          </params>
          <reporter-output>
          </reporter-output>
        </test-method> <!-- runScenario -->
        <test-method is-config="true" signature="tearDownClass()[pri:0, instance:com.qa.TestRunner@57d7f8ca]" started-at="2021-09-23T09:58:15 IST" name="tearDownClass" finished-at="2021-09-23T09:58:18 IST" duration-ms="3342" status="PASS">
          <reporter-output>
          </reporter-output>
        </test-method> <!-- tearDownClass -->
      </class> <!-- com.qa.TestRunner -->
    </test> <!-- Default test -->
  </suite> <!-- Default suite -->
</testng-results>
